[2025-05-01 16:17:09] [32minfo[39m: 1 - foydalanuvchi 10000 miqdorida depozit qilmoqda
[2025-05-01 16:17:09] [32minfo[39m: 10000 miqdori uchun karta mavjud emas
[2025-05-03 22:13:08] [32minfo[39m: 1 - foydalanuvchi 10000 miqdorida depozit qilmoqda
[2025-05-03 22:13:09] [32minfo[39m: 10000 miqdori uchun karta mavjud emas
[2025-05-03 22:31:16] [32minfo[39m: 1 - foydalanuvchi 10000 miqdorida depozit qilmoqda
[2025-05-03 22:31:17] [32minfo[39m: 10000 miqdori uchun karta mavjud emas
[2025-05-03 22:56:08] [32minfo[39m: 1 - foydalanuvchi 10000 miqdorida depozit qilmoqda
[2025-05-03 22:56:08] [32minfo[39m: 10000 miqdori uchun karta mavjud emas
[2025-05-03 23:16:33] [32minfo[39m: b369fb34-65dd-4baa-819f-5d4c4ca21703 - Tranzaksiya statusini 1 - Foydalanuvchisi, reject ga o'zgartirdi
[2025-05-03 23:20:07] [32minfo[39m: b369fb34-65dd-4baa-819f-5d4c4ca21703 - Tranzaksiya statusini 1 - Foydalanuvchisi, reject ga o'zgartirdi
[2025-05-03 23:20:07] [32minfo[39m: b369fb34-65dd-4baa-819f-5d4c4ca21703 - Tranzaksiga ulangan karta:  9860240101243667 - Yana aktivlashdi, Savdoda
[2025-05-03 23:25:36] [32minfo[39m: 1 - foydalanuvchi 10000 miqdorida depozit qilmoqda
[2025-05-03 23:25:36] [32minfo[39m: 1, - 9860240101243667 karta pending_pay statusiga o'tdi
[2025-05-03 23:25:37] [32minfo[39m: 2e1574ae-096f-457a-969f-12a0dc763d5c - raqamli tranzaksiya yaratildi. 1 - id User uchun 
[2025-05-03 23:25:55] [32minfo[39m: 1 - Foydlanuchi 2e1574ae-096f-457a-969f-12a0dc763d5c - Tranzaksiyani i_payed qilib tasdiqladi
[2025-05-03 23:35:18] [32minfo[39m: 1 - foydalanuvchi 10000 miqdorida depozit qilmoqda
[2025-05-03 23:35:18] [32minfo[39m: 10000 miqdori uchun karta mavjud emas
[2025-05-03 23:36:02] [32minfo[39m: 2e1574ae-096f-457a-969f-12a0dc763d5c - Tranzaksiya statusini 1 - Foydalanuvchisi, reject ga o'zgartirdi
[2025-05-03 23:36:02] [32minfo[39m: 2e1574ae-096f-457a-969f-12a0dc763d5c - Tranzaksiga ulangan karta:  9860240101243667 - Yana aktivlashdi, Savdoda
[2025-05-03 23:36:49] [32minfo[39m: 1 - foydalanuvchi 10000 miqdorida depozit qilmoqda
[2025-05-03 23:36:50] [32minfo[39m: 1, - 9860240101243667 karta pending_pay statusiga o'tdi
[2025-05-03 23:36:50] [32minfo[39m: f9fc3115-975a-43d6-95d7-1e9eb7813b62 - raqamli tranzaksiya yaratildi. 1 - id User uchun 
[2025-05-03 23:39:21] [32minfo[39m: 1 - Foydlanuchi f9fc3115-975a-43d6-95d7-1e9eb7813b62 - Tranzaksiyani i_payed qilib tasdiqladi
[2025-05-03 23:50:32] [32minfo[39m: f9fc3115-975a-43d6-95d7-1e9eb7813b62 - Tranzaksiya statusini 1 - Foydalanuvchisi, reject ga o'zgartirdi
[2025-05-03 23:50:33] [32minfo[39m: f9fc3115-975a-43d6-95d7-1e9eb7813b62 - Tranzaksiga ulangan karta:  9860240101243667 - Yana aktivlashdi, Savdoda
[2025-05-03 23:50:39] [32minfo[39m: 1 - foydalanuvchi 10000 miqdorida depozit qilmoqda
[2025-05-03 23:50:39] [32minfo[39m: 1, - 9860240101243667 karta pending_pay statusiga o'tdi
[2025-05-03 23:50:40] [32minfo[39m: f140a7ae-fe82-4add-b2af-3e317f13bdc5 - raqamli tranzaksiya yaratildi. 1 - id User uchun 
[2025-05-03 23:50:54] [32minfo[39m: 1 - Foydlanuchi f140a7ae-fe82-4add-b2af-3e317f13bdc5 - Tranzaksiyani i_payed qilib tasdiqladi
[2025-05-03 23:59:47] [32minfo[39m: f140a7ae-fe82-4add-b2af-3e317f13bdc5 - Tranzaksiya statusini 1 - Foydalanuvchisi, reject ga o'zgartirdi
[2025-05-03 23:59:47] [32minfo[39m: f140a7ae-fe82-4add-b2af-3e317f13bdc5 - Tranzaksiga ulangan karta:  9860240101243667 - Yana aktivlashdi, Savdoda
[2025-05-04 00:00:00] [32minfo[39m: 1 - foydalanuvchi 10000 miqdorida depozit qilmoqda
[2025-05-04 00:00:00] [32minfo[39m: 1, - 9860240101243667 karta pending_pay statusiga o'tdi
[2025-05-04 00:00:01] [32minfo[39m: 30f00030-f8b0-47b2-8c57-e51af0b0e551 - raqamli tranzaksiya yaratildi. 1 - id User uchun 
[2025-05-04 00:03:51] [32minfo[39m: 1 - Foydlanuchi 30f00030-f8b0-47b2-8c57-e51af0b0e551 - Tranzaksiyani i_payed qilib tasdiqladi
[2025-05-04 00:04:47] [32minfo[39m: 30f00030-f8b0-47b2-8c57-e51af0b0e551 - Tranzaksiya statusini 1 - Foydalanuvchisi, reject ga o'zgartirdi
[2025-05-04 00:04:47] [32minfo[39m: 30f00030-f8b0-47b2-8c57-e51af0b0e551 - Tranzaksiga ulangan karta:  9860240101243667 - Yana aktivlashdi, Savdoda
[2025-05-04 00:04:52] [32minfo[39m: 1 - foydalanuvchi 10000 miqdorida depozit qilmoqda
[2025-05-04 00:04:53] [32minfo[39m: 1, - 9860240101243667 karta pending_pay statusiga o'tdi
[2025-05-04 00:04:53] [32minfo[39m: 0fcc52a5-11f4-41a7-bfda-1ea3d23b9599 - raqamli tranzaksiya yaratildi. 1 - id User uchun 
[2025-05-04 00:06:26] [32minfo[39m: 1 - Foydlanuchi 0fcc52a5-11f4-41a7-bfda-1ea3d23b9599 - Tranzaksiyani reject qilib tasdiqladi
[2025-05-04 00:06:31] [32minfo[39m: 1 - foydalanuvchi 10000 miqdorida depozit qilmoqda
[2025-05-04 00:06:32] [32minfo[39m: 10000 miqdori uchun karta mavjud emas
[2025-05-04 00:08:54] [32minfo[39m: 1 - foydalanuvchi 10000 miqdorida depozit qilmoqda
[2025-05-04 00:08:54] [32minfo[39m: 10000 miqdori uchun karta mavjud emas
[2025-05-04 00:09:16] [32minfo[39m: 1 - foydalanuvchi 10000 miqdorida depozit qilmoqda
[2025-05-04 00:09:16] [32minfo[39m: 1, - 9860240101243667 karta pending_pay statusiga o'tdi
[2025-05-04 00:09:17] [32minfo[39m: aa17c7d9-fe4f-4da5-94c7-cff4c023c809 - raqamli tranzaksiya yaratildi. 1 - id User uchun 
[2025-05-04 00:11:22] [32minfo[39m: 1 - foydalanuvchi 10000 miqdorida depozit qilmoqda
[2025-05-04 00:11:23] [32minfo[39m: 1, - 9860240101243667 karta pending_pay statusiga o'tdi
[2025-05-04 00:11:24] [32minfo[39m: dd269012-5a31-48d4-bb89-871393a4e04d - raqamli tranzaksiya yaratildi. 1 - id User uchun 
[2025-05-04 00:21:23] [32minfo[39m: dd269012-5a31-48d4-bb89-871393a4e04d - Tranzaksiga ulangan karta:  9860240101243667 - Yana aktivlashdi, Savdoda
[2025-05-04 00:21:23] [32minfo[39m: 1 - Foydlanuchi dd269012-5a31-48d4-bb89-871393a4e04d - Tranzaksiyani reject qilib tasdiqladi
[2025-05-04 00:21:36] [32minfo[39m: 1 - foydalanuvchi 10000 miqdorida depozit qilmoqda
[2025-05-04 00:21:36] [32minfo[39m: 1, - 9860240101243667 karta pending_pay statusiga o'tdi
[2025-05-04 00:21:37] [32minfo[39m: 03768b18-595a-487c-b84f-8cc7cbc97798 - raqamli tranzaksiya yaratildi. 1 - id User uchun 
[2025-05-04 00:23:18] [32minfo[39m: 1 - foydalanuvchi 10000 miqdorida depozit qilmoqda
[2025-05-04 00:23:18] [32minfo[39m: 10000 miqdori uchun karta mavjud emas
[2025-05-04 00:29:09] [32minfo[39m: 1 - Foydlanuchi 03768b18-595a-487c-b84f-8cc7cbc97798 - Tranzaksiyani i_payed qilib tasdiqladi
[2025-05-04 00:30:01] [32minfo[39m: 03768b18-595a-487c-b84f-8cc7cbc97798 - Tranzaksiya bo'yicha 1 - Foydalanuvchisiga, 10000 so'm Depozit o'tkazildi
[2025-05-04 00:30:01] [32minfo[39m: 03768b18-595a-487c-b84f-8cc7cbc97798 - Tranzaksiya statusini 1 - Foydalanuvchisi, success_pay ga o'zgartirdi
[2025-05-04 00:30:02] [32minfo[39m: 03768b18-595a-487c-b84f-8cc7cbc97798 - Tranzaksiga ulangan karta:  9860240101243667 - Yana aktivlashdi, Savdoda
[2025-05-04 00:45:34] [32minfo[39m: 1 - foydalanuvchi 100000 miqdorida depozit qilmoqda
[2025-05-04 00:45:35] [32minfo[39m: 1, - 9860240101243667 karta pending_pay statusiga o'tdi
[2025-05-04 00:45:35] [32minfo[39m: 33c0b318-8796-4793-b1ec-9ac87ecb3b0d - raqamli tranzaksiya yaratildi. 1 - id User uchun 
[2025-05-04 00:45:55] [32minfo[39m: 33c0b318-8796-4793-b1ec-9ac87ecb3b0d - Tranzaksiga ulangan karta:  9860240101243667 - Yana aktivlashdi, Savdoda
[2025-05-04 00:45:55] [32minfo[39m: 1 - Foydlanuchi 33c0b318-8796-4793-b1ec-9ac87ecb3b0d - Tranzaksiyani reject qilib tasdiqladi
[2025-05-04 00:46:19] [32minfo[39m: 1 - foydalanuvchi 100000 miqdorida depozit qilmoqda
[2025-05-04 00:46:20] [32minfo[39m: 1, - 9860240101243667 karta pending_pay statusiga o'tdi
[2025-05-04 00:46:20] [32minfo[39m: 73cf6357-c964-40b9-8cb4-cd844de4735b - raqamli tranzaksiya yaratildi. 1 - id User uchun 
[2025-05-04 00:46:33] [32minfo[39m: 1 - Foydlanuchi 73cf6357-c964-40b9-8cb4-cd844de4735b - Tranzaksiyani i_payed qilib tasdiqladi
[2025-05-04 00:47:02] [32minfo[39m: 73cf6357-c964-40b9-8cb4-cd844de4735b - Tranzaksiya bo'yicha 1 - Foydalanuvchisiga, 100000 so'm Depozit o'tkazildi
[2025-05-04 00:47:03] [32minfo[39m: 73cf6357-c964-40b9-8cb4-cd844de4735b - Tranzaksiya statusini 1 - Foydalanuvchisi, success_pay ga o'zgartirdi
[2025-05-04 00:47:03] [32minfo[39m: 73cf6357-c964-40b9-8cb4-cd844de4735b - Tranzaksiga ulangan karta:  9860240101243667 - Yana aktivlashdi, Savdoda
[2025-05-04 00:49:04] [32minfo[39m: 1 - foydalanuvchi 100000 miqdorida depozit qilmoqda
[2025-05-04 00:49:05] [32minfo[39m: 1, - 9860240101243667 karta pending_pay statusiga o'tdi
[2025-05-04 00:49:05] [32minfo[39m: 7ef1ae89-53e3-4c8b-8663-2fd706ccc281 - raqamli tranzaksiya yaratildi. 1 - id User uchun 
[2025-05-04 00:49:27] [32minfo[39m: 1 - Foydlanuchi 7ef1ae89-53e3-4c8b-8663-2fd706ccc281 - Tranzaksiyani i_payed qilib tasdiqladi
[2025-05-04 00:49:40] [32minfo[39m: 7ef1ae89-53e3-4c8b-8663-2fd706ccc281 - Tranzaksiya bo'yicha 1 - Foydalanuvchisiga, 100000 so'm Depozit o'tkazildi
[2025-05-04 00:49:41] [32minfo[39m: 7ef1ae89-53e3-4c8b-8663-2fd706ccc281 - Tranzaksiya statusini 1 - Foydalanuvchisi, success_pay ga o'zgartirdi
[2025-05-04 00:49:41] [32minfo[39m: 7ef1ae89-53e3-4c8b-8663-2fd706ccc281 - Tranzaksiga ulangan karta:  9860240101243667 - Yana aktivlashdi, Savdoda
[2025-05-04 00:50:47] [32minfo[39m: 1 - foydalanuvchi 100000 miqdorida depozit qilmoqda
[2025-05-04 00:50:48] [32minfo[39m: 1, - 9860240101243667 karta pending_pay statusiga o'tdi
[2025-05-04 00:50:48] [32minfo[39m: b956db81-6208-468d-8bde-de263cdc817d - raqamli tranzaksiya yaratildi. 1 - id User uchun 
[2025-05-04 00:51:18] [32minfo[39m: 1 - Foydlanuchi b956db81-6208-468d-8bde-de263cdc817d - Tranzaksiyani i_payed qilib tasdiqladi
[2025-05-04 00:51:27] [32minfo[39m: b956db81-6208-468d-8bde-de263cdc817d - Tranzaksiya bo'yicha 1 - Foydalanuvchisiga, 100000 so'm Depozit o'tkazildi
[2025-05-04 00:51:28] [32minfo[39m: b956db81-6208-468d-8bde-de263cdc817d - Tranzaksiya statusini 1 - Foydalanuvchisi, success_pay ga o'zgartirdi
[2025-05-04 00:51:28] [32minfo[39m: b956db81-6208-468d-8bde-de263cdc817d - Tranzaksiga ulangan karta:  9860240101243667 - Yana aktivlashdi, Savdoda
[2025-05-04 01:05:21] [32minfo[39m: 1 - foydalanuvchi 100000 miqdorida depozit qilmoqda
[2025-05-04 01:05:21] [32minfo[39m: 1, - 9860240101243667 karta pending_pay statusiga o'tdi
[2025-05-04 01:05:22] [32minfo[39m: 7704ad3f-a8f8-4367-b1f2-3b46662412e9 - raqamli tranzaksiya yaratildi. 1 - id User uchun 
[2025-05-04 01:20:42] [32minfo[39m: 1 - foydalanuvchi 100000 miqdorida depozit qilmoqda
[2025-05-04 01:20:42] [32minfo[39m: 100000 miqdori uchun karta mavjud emas
[2025-05-04 01:21:44] [32minfo[39m: 1 - Foydlanuchi 7704ad3f-a8f8-4367-b1f2-3b46662412e9 - Tranzaksiyani i_payed qilib tasdiqladi
[2025-05-04 01:24:44] [32minfo[39m: 7704ad3f-a8f8-4367-b1f2-3b46662412e9 - Tranzaksiya bo'yicha 1 - Foydalanuvchisiga, 100000 so'm Depozit o'tkazildi
[2025-05-04 01:24:45] [32minfo[39m: 7704ad3f-a8f8-4367-b1f2-3b46662412e9 - Tranzaksiya statusini 1 - Foydalanuvchisi, success_pay ga o'zgartirdi
[2025-05-04 01:24:45] [32minfo[39m: 7704ad3f-a8f8-4367-b1f2-3b46662412e9 - Tranzaksiga ulangan karta:  9860240101243667 - Yana aktivlashdi, Savdoda
[2025-05-04 01:24:54] [32minfo[39m: 1 - foydalanuvchi 100000 miqdorida depozit qilmoqda
[2025-05-04 01:24:54] [32minfo[39m: 1, - 9860240101243667 karta pending_pay statusiga o'tdi
[2025-05-04 01:24:55] [32minfo[39m: 1506dce4-f1c9-4bd7-836e-f1926e25a624 - raqamli tranzaksiya yaratildi. 1 - id User uchun 
[2025-05-04 01:42:38] [32minfo[39m: 1 - foydalanuvchi 100000 miqdorida depozit qilmoqda
[2025-05-04 01:42:39] [32minfo[39m: 1, - 9860240101243667 karta pending_pay statusiga o'tdi
[2025-05-04 01:42:39] [32minfo[39m: db4e90a9-93e9-47ff-b31f-8d44c8591f00 - raqamli tranzaksiya yaratildi. 1 - id User uchun 
[2025-05-04 01:43:40] [32minfo[39m: 1 - foydalanuvchi 100000 miqdorida depozit qilmoqda
[2025-05-04 01:43:40] [32minfo[39m: 100000 miqdori uchun karta mavjud emas
[2025-05-04 02:02:31] [32minfo[39m: 1 - Foydlanuchi db4e90a9-93e9-47ff-b31f-8d44c8591f00 - Tranzaksiyani i_payed qilib tasdiqladi
[2025-05-04 02:03:01] [32minfo[39m: 1 - foydalanuvchi 100000 miqdorida depozit qilmoqda
[2025-05-04 02:03:01] [32minfo[39m: 100000 miqdori uchun karta mavjud emas
[2025-05-04 02:03:31] [32minfo[39m: db4e90a9-93e9-47ff-b31f-8d44c8591f00 - Tranzaksiya bo'yicha 1 - Foydalanuvchisiga, 100000 so'm Depozit o'tkazildi
[2025-05-04 02:03:32] [32minfo[39m: db4e90a9-93e9-47ff-b31f-8d44c8591f00 - Tranzaksiya statusini 1 - Foydalanuvchisi, success_pay ga o'zgartirdi
[2025-05-04 02:03:33] [32minfo[39m: db4e90a9-93e9-47ff-b31f-8d44c8591f00 - Tranzaksiga ulangan karta:  9860240101243667 - Yana aktivlashdi, Savdoda
[2025-05-04 02:03:42] [32minfo[39m: 1 - foydalanuvchi 100000 miqdorida depozit qilmoqda
[2025-05-04 02:03:42] [32minfo[39m: 1, - 9860240101243667 karta pending_pay statusiga o'tdi
[2025-05-04 02:03:43] [32minfo[39m: a41b9512-2129-4a9a-9e32-d3be65685fed - raqamli tranzaksiya yaratildi. 1 - id User uchun 
[2025-05-06 12:25:01] [32minfo[39m: 1 - foydalanuvchi 100000 miqdorida depozit qilmoqda
[2025-05-06 12:25:01] [32minfo[39m: 100000 miqdori uchun karta mavjud emas
[2025-05-06 12:25:46] [32minfo[39m: a41b9512-2129-4a9a-9e32-d3be65685fed - Tranzaksiga ulangan karta:  9860240101243667 - Yana aktivlashdi, Savdoda
[2025-05-06 12:25:46] [32minfo[39m: 1 - Foydlanuchi a41b9512-2129-4a9a-9e32-d3be65685fed - Tranzaksiyani reject qilib tasdiqladi
[2025-05-06 12:25:51] [32minfo[39m: 1 - foydalanuvchi 100000 miqdorida depozit qilmoqda
[2025-05-06 12:25:52] [32minfo[39m: 1, - 9860240101243667 karta pending_pay statusiga o'tdi
[2025-05-06 12:25:53] [32minfo[39m: 0eaec2cf-ad36-4237-bedc-f5b6089c6b6c - raqamli tranzaksiya yaratildi. 1 - id User uchun 
[2025-05-06 12:26:19] [32minfo[39m: 1 - Foydlanuchi 0eaec2cf-ad36-4237-bedc-f5b6089c6b6c - Tranzaksiyani i_payed qilib tasdiqladi
[2025-05-06 12:26:21] [32minfo[39m: Queuega malumot yuklandi: "{"id":"0eaec2cf-ad36-4237-bedc-f5b6089c6b6c","created_at":"2025-05-06T07:25:52.609Z","updated_at":"2025-05-06T07:26:19.780Z","deleted":false,"status":"i_payed","amount":"100000","user_id":1,"provider_id":null,"card_id":1,"card_number":"9860240101243667","card_name":"Ilhom Mannonov","type":"wallet","program":true,"timer":572}" → card-transaction
[2025-05-06 12:34:05] [32minfo[39m: 1 - foydalanuvchi 100000 miqdorida depozit qilmoqda
[2025-05-06 12:34:06] [32minfo[39m: 100000 miqdori uchun karta mavjud emas
[2025-05-06 15:32:11] [32minfo[39m: 1 - foydalanuvchi 100000 miqdorida depozit qilmoqda
[2025-05-06 15:32:11] [32minfo[39m: 100000 miqdori uchun karta mavjud emas
[2025-05-06 15:35:08] [32minfo[39m: 1 - foydalanuvchi 100000 miqdorida depozit qilmoqda
[2025-05-06 15:35:11] [32minfo[39m: 1, - 9860240101243667 karta pending_pay statusiga o'tdi
[2025-05-06 15:35:59] [32minfo[39m: 1 - foydalanuvchi 100000 miqdorida depozit qilmoqda
[2025-05-06 15:36:01] [32minfo[39m: 1, - 9860240101243667 karta pending_pay statusiga o'tdi
[2025-05-06 15:37:04] [32minfo[39m: 1 - foydalanuvchi 100000 miqdorida depozit qilmoqda
[2025-05-06 15:37:07] [32minfo[39m: 1, - 9860240101243667 karta pending_pay statusiga o'tdi
[2025-05-06 15:40:50] [32minfo[39m: 1 - foydalanuvchi 100000 miqdorida depozit qilmoqda
[2025-05-06 15:40:53] [32minfo[39m: 1, - 9860240101243667 karta pending_pay statusiga o'tdi
[2025-05-06 15:40:53] [32minfo[39m: 527e7be1-0baf-4f3d-b22f-32bdb9808be3 - raqamli tranzaksiya yaratildi. 1 - id User uchun 
[2025-05-06 15:56:20] [32minfo[39m: 1 - Foydlanuchi 527e7be1-0baf-4f3d-b22f-32bdb9808be3 - Tranzaksiyani i_payed qilib tasdiqladi
[2025-05-06 15:56:21] [32minfo[39m: Queuega malumot yuklandi: "{"id":"527e7be1-0baf-4f3d-b22f-32bdb9808be3","created_at":"2025-05-06T10:40:53.249Z","updated_at":"2025-05-06T10:56:20.766Z","deleted":false,"status":"i_payed","amount":"100000","last_card_amount":"237.99","user_id":1,"provider_id":null,"card_id":1,"card_number":"9860240101243667","card_name":"Ilhom Mannonov","type":"wallet","program":true,"timer":0}" → card-transaction
[2025-05-06 16:19:15] [32minfo[39m: 527e7be1-0baf-4f3d-b22f-32bdb9808be3 - Tranzaksiya bo'yicha 1 - Foydalanuvchisiga, 100000 so'm Depozit o'tkazildi
[2025-05-06 16:19:15] [32minfo[39m: 527e7be1-0baf-4f3d-b22f-32bdb9808be3 - Tranzaksiya statusini 1 - Foydalanuvchisi, success_pay ga o'zgartirdi
[2025-05-06 16:19:16] [32minfo[39m: 527e7be1-0baf-4f3d-b22f-32bdb9808be3 - Tranzaksiga ulangan karta:  9860240101243667 - Yana aktivlashdi, Savdoda
[2025-05-06 16:19:24] [32minfo[39m: 1 - foydalanuvchi 100000 miqdorida depozit qilmoqda
[2025-05-06 16:19:26] [32minfo[39m: 1, - 9860240101243667 karta pending_pay statusiga o'tdi
[2025-05-06 16:19:27] [32minfo[39m: 90c2f7d5-34d4-4262-a5d8-3da480aaa1ec - raqamli tranzaksiya yaratildi. 1 - id User uchun 
[2025-05-06 16:22:00] [32minfo[39m: 90c2f7d5-34d4-4262-a5d8-3da480aaa1ec - Tranzaksiga ulangan karta:  9860240101243667 - Yana aktivlashdi, Savdoda
[2025-05-06 16:22:00] [32minfo[39m: 1 - Foydlanuchi 90c2f7d5-34d4-4262-a5d8-3da480aaa1ec - Tranzaksiyani reject qilib tasdiqladi
[2025-05-06 16:22:09] [32minfo[39m: 1 - foydalanuvchi 1000 miqdorida depozit qilmoqda
[2025-05-06 16:22:11] [32minfo[39m: 1, - 9860240101243667 karta pending_pay statusiga o'tdi
[2025-05-06 16:22:11] [32minfo[39m: e0430efb-8686-4a7f-bcdd-53903c6a3ce9 - raqamli tranzaksiya yaratildi. 1 - id User uchun 
[2025-05-06 16:23:04] [32minfo[39m: 1 - Foydlanuchi e0430efb-8686-4a7f-bcdd-53903c6a3ce9 - Tranzaksiyani i_payed qilib tasdiqladi
[2025-05-06 16:23:05] [32minfo[39m: Queuega malumot yuklandi: "{"id":"e0430efb-8686-4a7f-bcdd-53903c6a3ce9","created_at":"2025-05-06T11:22:11.229Z","updated_at":"2025-05-06T11:23:04.615Z","deleted":false,"status":"i_payed","amount":"1000","last_card_amount":"237.99","user_id":1,"provider_id":null,"card_id":1,"card_number":"9860240101243667","card_name":"Ilhom Mannonov","type":"wallet","program":true,"timer":546}" → card-transaction
[2025-05-06 16:23:07] [32minfo[39m: [object Object] Telegram kartasi topildi
[2025-05-06 16:23:07] [32minfo[39m: 237.99 Shuncha pul bor edi Tranzaksiya yartishda
[2025-05-06 16:23:07] [32minfo[39m: 1237.99 Hozir shuncha pul bor kartada
[2025-05-06 16:23:07] [32minfo[39m: Kartaga pul tushgani tasdiqlandi
[2025-05-06 16:23:07] [32minfo[39m: e0430efb-8686-4a7f-bcdd-53903c6a3ce9 - Tranzaksiya bo'yicha 1 - Foydalanuvchisiga, 1000 so'm Depozit o'tkazildi
[2025-05-06 16:45:16] [32minfo[39m: 1 - foydalanuvchi 1000 miqdorida depozit qilmoqda
[2025-05-06 16:45:16] [32minfo[39m: 1000 miqdori uchun karta mavjud emas
[2025-05-06 16:48:39] [32minfo[39m: 1 - foydalanuvchi 1000 miqdorida depozit qilmoqda
[2025-05-06 16:48:41] [32minfo[39m: 1, - 9860240101243667 karta pending_pay statusiga o'tdi
[2025-05-06 16:48:42] [32minfo[39m: 532ca300-8a98-424c-9c7a-d9e1ca28b751 - raqamli tranzaksiya yaratildi. 1 - id User uchun 
[2025-05-06 16:49:24] [32minfo[39m: 1 - Foydlanuchi 532ca300-8a98-424c-9c7a-d9e1ca28b751 - Tranzaksiyani i_payed qilib tasdiqladi
[2025-05-06 16:49:25] [32minfo[39m: Queuega malumot yuklandi: "{"id":"532ca300-8a98-424c-9c7a-d9e1ca28b751","created_at":"2025-05-06T11:48:42.112Z","updated_at":"2025-05-06T11:49:24.409Z","deleted":false,"status":"i_payed","amount":"1000","last_card_amount":"1237.99","user_id":1,"provider_id":null,"card_id":1,"card_number":"9860240101243667","card_name":"Ilhom Mannonov","type":"wallet","program":true,"timer":557}" → card-transaction
[2025-05-06 16:49:26] [32minfo[39m: 📊 Oldingi balans: 1237.99
[2025-05-06 16:49:26] [32minfo[39m: 💰 Hozirgi balans: 3237.99
[2025-05-06 16:49:26] [32minfo[39m: 💸 Tranzaksiya miqdori: 1000
[2025-05-06 16:49:26] [32minfo[39m: ➕ Real tushgan pul: 1999.9999999999998
[2025-05-06 16:49:27] [32minfo[39m: 532ca300-8a98-424c-9c7a-d9e1ca28b751 - Tranzaksiya bo'yicha 1 - Foydalanuvchisiga, 1999.9999999999998 so'm Depozit o'tkazildi, 1000 So'm, Belgilanganan summadan tashqari miqdor
[2025-05-06 16:49:27] [32minfo[39m: ⚠️ Pul qisman tushdi.
[2025-05-06 16:52:16] [32minfo[39m: 1 - foydalanuvchi 1000 miqdorida depozit qilmoqda
[2025-05-06 16:52:18] [32minfo[39m: 1, - 9860240101243667 karta pending_pay statusiga o'tdi
[2025-05-06 16:52:18] [32minfo[39m: 8f4c5857-5172-4989-b83b-a3ce13d7599f - raqamli tranzaksiya yaratildi. 1 - id User uchun 
[2025-05-06 16:52:30] [32minfo[39m: 1 - Foydlanuchi 8f4c5857-5172-4989-b83b-a3ce13d7599f - Tranzaksiyani i_payed qilib tasdiqladi
[2025-05-06 16:52:31] [32minfo[39m: Queuega malumot yuklandi: "{"id":"8f4c5857-5172-4989-b83b-a3ce13d7599f","created_at":"2025-05-06T11:52:18.233Z","updated_at":"2025-05-06T11:52:30.819Z","deleted":false,"status":"i_payed","amount":"1000","last_card_amount":"3237.99","user_id":1,"provider_id":null,"card_id":1,"card_number":"9860240101243667","card_name":"Ilhom Mannonov","type":"wallet","program":true,"timer":587}" → card-transaction
[2025-05-06 16:52:33] [32minfo[39m: 📊 Oldingi balans: 3237.99
[2025-05-06 16:52:33] [32minfo[39m: 💰 Hozirgi balans: 3237.99
[2025-05-06 16:52:33] [32minfo[39m: 💸 Tranzaksiya miqdori: 1000
[2025-05-06 16:52:33] [32minfo[39m: ➕ Real tushgan pul: 0
[2025-05-06 16:52:33] [32minfo[39m: ❌ Pul tushmagan.
[2025-05-06 20:14:05] [32minfo[39m: 💰 [DEPOSIT] 1 ID foydalanuvchisiga, 1 tomonidan 1000 so'm pul solindi
[2025-05-06 20:16:12] [32minfo[39m: 💸 [WITHDRAW] 1 ID foydalanuvchisiga, 1 tomonidan 1000 so'm pul yechildi
[2025-05-06 20:18:01] [32minfo[39m: 💸 [WITHDRAW] 1 ID foydalanuvchisiga, 1 tomonidan 10000 so'm pul yechildi
[2025-05-06 20:29:07] [32minfo[39m: 85a76dcb-dca7-4ddf-a434-91e2c3844daf - Tranzaksiya statusini 1 - Foydalanuvchisi, success_pay ga o'zgartirdi
[2025-05-09 20:32:21] [32minfo[39m: Foydalanuvchi hisobni to‘ldirdi
[2025-05-09 20:33:21] [32minfo[39m: 1 Foydalanuvchi BetWinner - ilhom  m. O'yinchi hisobini 50000 ga to'ldirdi
[2025-05-09 20:35:10] [32minfo[39m: 1 Foydalanuvchi BetWinner - ilhom  m. O'yinchi hisobini 50000 ga to'ldirdi
[2025-05-09 20:36:12] [32minfo[39m: 1 Foydalanuvchi BetWinner - ilhom  m. O'yinchi hisobini 50000 ga to'ldirdi
[2025-05-09 20:50:34] [31merror[39m: BetWinner da Limit kam qoldi, User hisob toldira olmadi. Userid= 1
[2025-05-09 20:50:34] [32minfo[39m: 1 Foydalanuvchi BetWinner - ilhom  m. O'yinchi hisobini 3600 ga to'ldirdi
[2025-05-09 21:06:43] [32minfo[39m: [object Object]
[2025-05-09 21:06:44] [32minfo[39m: 1 Foydalanuvchi BetWinner - ilhom  m. O'yinchi hisobini 3600 ga to'ldirdi
[2025-05-09 23:25:44] [32minfo[39m: {"Summa":3600,"OperationId":4902038295,"Success":true}
[2025-05-09 23:25:45] [32minfo[39m: 1 Foydalanuvchi BetWinner - ilhom  m. O'yinchi hisobini 3600 ga to'ldirdi
[2025-05-09 23:25:49] [32minfo[39m: {"Success":false,"MessageId":100337,"Message":"Депозит на сумму 3600 игроку № 1249808699 уже был проведен, повторить платеж можно будет через 5 минут."}
[2025-05-09 23:25:49] [31merror[39m: CashDesk depozitdan xato bo'ldi yoki userni saqlashda
[2025-05-09 23:44:42] [32minfo[39m: {"Summa":3600,"OperationId":4902148191,"Success":true}
[2025-05-09 23:44:43] [32minfo[39m: 1 Foydalanuvchi BetWinner - ilhom  m. O'yinchi hisobini 3600 ga to'ldirdi
[2025-05-09 23:50:40] [32minfo[39m: {"Summa":3600,"OperationId":4902182231,"Success":true}
[2025-05-09 23:50:40] [32minfo[39m: 1 Foydalanuvchi BetWinner - ilhom  m. O'yinchi hisobini 3600 ga to'ldirdi
[2025-05-09 23:57:43] [32minfo[39m: {"Summa":3600,"OperationId":4902222679,"Success":true}
[2025-05-09 23:57:44] [32minfo[39m: 1 Foydalanuvchi BetWinner - ilhom Zubaydullo o’g’li m. O'yinchi hisobini 3600 ga to'ldirdi
[2025-05-10 15:19:13] [32minfo[39m: {"Summa":20000,"OperationId":4904782041,"Success":true}
[2025-05-10 15:19:13] [32minfo[39m: 1 Foydalanuvchi BetWinner - ilhom Zubaydullo o’g’li m. O'yinchi hisobini 20000 ga to'ldirdi
[2025-05-10 17:21:01] [32minfo[39m: {"Success":false,"MessageId":100331,"Message":"У пользователя 1249808699 имеются подтвержденные запросы на вывод с депозита, пополнение невозможно! Сначала необходимо провести вывод."}
[2025-05-10 17:21:01] [31merror[39m: CashDesk depozitdan xato bo'ldi yoki userni saqlashda
[2025-05-10 17:26:40] [32minfo[39m: {"Success":false,"MessageId":100331,"Message":"У пользователя 1249808699 имеются подтвержденные запросы на вывод с депозита, пополнение невозможно! Сначала необходимо провести вывод."}
[2025-05-10 17:26:40] [31merror[39m: CashDesk depozitdan xato bo'ldi yoki userni saqlashda
[2025-05-10 17:27:34] [32minfo[39m: {"Success":false,"MessageId":100331,"Message":"У пользователя 1249808699 имеются подтвержденные запросы на вывод с депозита, пополнение невозможно! Сначала необходимо провести вывод."}
[2025-05-10 17:27:34] [31merror[39m: 1 - User pul solish imkoni yoq chunki bu xisobda chiqarish so'rovi mavjud
[2025-05-10 17:28:16] [32minfo[39m: {"Summa":5000,"OperationId":4905422489,"Success":true}
[2025-05-10 17:28:17] [32minfo[39m: 1 Foydalanuvchi BetWinner - ilhom Zubaydullo o’g’li m. O'yinchi hisobini 5000 ga to'ldirdi
[2025-05-10 23:48:29] [32minfo[39m: {"Success":false,"MessageId":100331,"Message":"У пользователя 1249808699 имеются подтвержденные запросы на вывод с депозита, пополнение невозможно! Сначала необходимо провести вывод."}
[2025-05-10 23:48:29] [31merror[39m: 1 - User pul solish imkoni yoq chunki bu xisobda chiqarish so'rovi mavjud
[2025-05-10 23:53:25] [32minfo[39m: {"Summa":5000,"OperationId":4908026609,"Success":true}
[2025-05-10 23:53:25] [32minfo[39m: 1 Foydalanuvchi BetWinner - ilhom Zubaydullo o’g’li m. O'yinchi hisobini 5000 ga to'ldirdi
[2025-05-10 23:58:27] [32minfo[39m: {"Summa":5000,"OperationId":4908060451,"Success":true}
[2025-05-10 23:58:28] [32minfo[39m: 1 Foydalanuvchi BetWinner - ilhom Zubaydullo o’g’li m. O'yinchi hisobini 5000 ga to'ldirdi
[2025-05-11 00:03:44] [32minfo[39m: {"Summa":5000,"OperationId":4908094817,"Success":true}
[2025-05-11 00:03:45] [32minfo[39m: 1 Foydalanuvchi BetWinner - ilhom Zubaydullo o’g’li m. O'yinchi hisobini 5000 ga to'ldirdi
[2025-05-11 00:03:55] [32minfo[39m: Withdraw request: user_id=1, provider_id=3, code=mEhs, player_id=1249808699
[2025-05-11 00:03:56] [32minfo[39m: Player found: {"UserId":1249808699,"Name":"ilhom Zubaydullo o’g’li m.","CurrencyId":87}
[2025-05-11 00:03:56] [33mwarn[39m: Payout failed: message=Не найдено ни одного запроса на выплату для этого пользователя., messageId=100406
[2025-05-11 00:03:56] [31merror[39m: Withdraw error Chiqarish so'rovi topilmadi
[2025-05-11 12:52:20] [32minfo[39m: Fetched 3 users (page 1/1)
[2025-05-11 12:53:07] [32minfo[39m: Fetched 3 users (page 1/1)
[2025-05-11 12:53:33] [32minfo[39m: Fetched 3 users (page 1/1)
[2025-05-11 12:54:37] [32minfo[39m: Fetched 3 users (page 1/1)
[2025-05-11 12:56:25] [32minfo[39m: Fetched 3 users (page 1/1)
[2025-05-11 13:00:07] [32minfo[39m: Fetched 1 users (page 1/1)
[2025-05-11 13:00:18] [32minfo[39m: Fetched 1 users (page 1/1)
[2025-05-11 13:00:37] [32minfo[39m: Fetched 2 users (page 1/1)
[2025-05-11 15:53:38] [31merror[39m: Error in send_message_telegram Fayl topilmadi
[2025-05-11 15:56:56] [31merror[39m: Error in send_message_telegram Tugmalar yaroqli emas
[2025-05-11 15:57:30] [32minfo[39m: Preparing to queue message for 2 users
[2025-05-11 15:57:31] [32minfo[39m: Queuega malumot yuklandi: "{"type":"VIDEO","caption":"bla bla text","file_id":1,"inline_buttons":{"reply_markup":{"inline_keyboard":[[{"text":"text","url":"https://t.me/ixlom"}]]}},"chat_id":"6792954680"}" → telegram-message
[2025-05-11 15:57:31] [32minfo[39m: Queuega malumot yuklandi: "{"type":"VIDEO","caption":"bla bla text","file_id":1,"inline_buttons":{"reply_markup":{"inline_keyboard":[[{"text":"text","url":"https://t.me/ixlom"}]]}},"chat_id":"1035804860"}" → telegram-message
[2025-05-11 15:57:31] [32minfo[39m: Queued messages for 2 users
[2025-05-11 15:58:26] [32minfo[39m: Preparing to queue message for 2 users
[2025-05-11 15:58:27] [32minfo[39m: Queuega malumot yuklandi: "{"type":"VIDEO","caption":"bla bla text","file_id":1,"inline_buttons":{"reply_markup":{"inline_keyboard":[[{"text":"text","url":"https://t.me/ixlom"}]]}},"chat_id":"1035804860"}" → telegram-message
[2025-05-11 15:58:27] [32minfo[39m: Queuega malumot yuklandi: "{"type":"VIDEO","caption":"bla bla text","file_id":1,"inline_buttons":{"reply_markup":{"inline_keyboard":[[{"text":"text","url":"https://t.me/ixlom"}]]}},"chat_id":"6792954680"}" → telegram-message
[2025-05-11 15:58:27] [32minfo[39m: Queued messages for 2 users
[2025-05-11 16:13:12] [32minfo[39m: 🚀 Telegram Worker ishga tushdi
[2025-05-11 16:13:44] [32minfo[39m: Preparing to queue message for 2 users
[2025-05-11 16:13:45] [32minfo[39m: Queuega malumot yuklandi: "{"type":"text","caption":"bla bla text","file_id":1,"inline_buttons":{"reply_markup":{"inline_keyboard":[[{"text":"text","url":"https://t.me/ixlom"}]]}},"chat_id":"1035804860"}" → telegram-message
[2025-05-11 16:13:45] [32minfo[39m: Queuega malumot yuklandi: "{"type":"text","caption":"bla bla text","file_id":1,"inline_buttons":{"reply_markup":{"inline_keyboard":[[{"text":"text","url":"https://t.me/ixlom"}]]}},"chat_id":"6792954680"}" → telegram-message
[2025-05-11 16:13:45] [32minfo[39m: Queued messages for 2 users
[2025-05-11 16:13:46] [31merror[39m: ❌ Xatolik: 1035804860
[2025-05-11 16:13:46] [31merror[39m: ❌ Xatolik: 6792954680
[2025-05-11 16:14:30] [32minfo[39m: 🚀 Telegram Worker ishga tushdi
[2025-05-11 16:14:33] [32minfo[39m: Preparing to queue message for 2 users
[2025-05-11 16:14:34] [32minfo[39m: Queuega malumot yuklandi: "{"type":"text","caption":"bla bla text","file_id":1,"inline_buttons":{"reply_markup":{"inline_keyboard":[[{"text":"text","url":"https://t.me/ixlom"}]]}},"chat_id":"6792954680"}" → telegram-message
[2025-05-11 16:14:34] [32minfo[39m: Queuega malumot yuklandi: "{"type":"text","caption":"bla bla text","file_id":1,"inline_buttons":{"reply_markup":{"inline_keyboard":[[{"text":"text","url":"https://t.me/ixlom"}]]}},"chat_id":"1035804860"}" → telegram-message
[2025-05-11 16:14:34] [32minfo[39m: Queued messages for 2 users
[2025-05-11 16:14:34] [31merror[39m: ❌ Xatolik: 6792954680
[2025-05-11 16:14:34] [31merror[39m: ❌ Xatolik: 1035804860
[2025-05-11 16:14:49] [32minfo[39m: 🚀 Telegram Worker ishga tushdi
[2025-05-11 16:14:57] [32minfo[39m: Preparing to queue message for 2 users
[2025-05-11 16:14:57] [32minfo[39m: Queuega malumot yuklandi: "{"type":"text","caption":"bla bla text","file_id":1,"inline_buttons":{"reply_markup":{"inline_keyboard":[[{"text":"text","url":"https://t.me/ixlom"}]]}},"chat_id":"1035804860"}" → telegram-message
[2025-05-11 16:14:57] [32minfo[39m: Queuega malumot yuklandi: "{"type":"text","caption":"bla bla text","file_id":1,"inline_buttons":{"reply_markup":{"inline_keyboard":[[{"text":"text","url":"https://t.me/ixlom"}]]}},"chat_id":"6792954680"}" → telegram-message
[2025-05-11 16:14:57] [32minfo[39m: Queued messages for 2 users
[2025-05-11 16:14:58] [31merror[39m: ❌ Xatolik: 1035804860
[2025-05-11 16:14:58] [31merror[39m: ❌ Xatolik: 6792954680
[2025-05-11 16:16:32] [32minfo[39m: 🚀 Telegram Worker ishga tushdi
[2025-05-11 16:16:34] [32minfo[39m: Preparing to queue message for 2 users
[2025-05-11 16:16:35] [32minfo[39m: Queuega malumot yuklandi: "{"type":"text","caption":"bla bla text","file_id":1,"inline_buttons":{"reply_markup":{"inline_keyboard":[[{"text":"text","url":"https://t.me/ixlom"}]]}},"chat_id":"1035804860"}" → telegram-message
[2025-05-11 16:16:35] [32minfo[39m: Queuega malumot yuklandi: "{"type":"text","caption":"bla bla text","file_id":1,"inline_buttons":{"reply_markup":{"inline_keyboard":[[{"text":"text","url":"https://t.me/ixlom"}]]}},"chat_id":"6792954680"}" → telegram-message
[2025-05-11 16:16:35] [32minfo[39m: Queued messages for 2 users
[2025-05-11 16:16:36] [31merror[39m: ❌ Xatolik: 1035804860
[2025-05-11 16:16:36] [31merror[39m: ❌ Xatolik: 6792954680
[2025-05-11 16:17:07] [32minfo[39m: 🚀 Telegram Worker ishga tushdi
[2025-05-11 16:17:12] [32minfo[39m: Preparing to queue message for 2 users
[2025-05-11 16:17:13] [32minfo[39m: Queuega malumot yuklandi: "{"type":"text","caption":"bla bla text","file_id":1,"inline_buttons":{"reply_markup":{"inline_keyboard":[[{"text":"text","url":"https://t.me/ixlom"}]]}},"chat_id":"1035804860"}" → telegram-message
[2025-05-11 16:17:13] [32minfo[39m: Queuega malumot yuklandi: "{"type":"text","caption":"bla bla text","file_id":1,"inline_buttons":{"reply_markup":{"inline_keyboard":[[{"text":"text","url":"https://t.me/ixlom"}]]}},"chat_id":"6792954680"}" → telegram-message
[2025-05-11 16:17:13] [32minfo[39m: Queued messages for 2 users
[2025-05-11 16:17:14] [31merror[39m: ❌ Xatolik: 1035804860
[2025-05-11 16:17:14] [31merror[39m: ❌ Xatolik: 6792954680
[2025-05-11 16:18:06] [32minfo[39m: 🚀 Telegram Worker ishga tushdi
[2025-05-11 16:18:07] [32minfo[39m: Preparing to queue message for 2 users
[2025-05-11 16:18:08] [32minfo[39m: Queuega malumot yuklandi: "{"type":"text","caption":"bla bla text","file_id":1,"inline_buttons":{"reply_markup":{"inline_keyboard":[[{"text":"text","url":"https://t.me/ixlom"}]]}},"chat_id":"6792954680"}" → telegram-message
[2025-05-11 16:18:08] [32minfo[39m: Queuega malumot yuklandi: "{"type":"text","caption":"bla bla text","file_id":1,"inline_buttons":{"reply_markup":{"inline_keyboard":[[{"text":"text","url":"https://t.me/ixlom"}]]}},"chat_id":"1035804860"}" → telegram-message
[2025-05-11 16:18:08] [32minfo[39m: Queued messages for 2 users
[2025-05-11 16:18:09] [31merror[39m: ❌ Xatolik: 6792954680
[2025-05-11 16:18:09] [31merror[39m: ❌ Xatolik: 1035804860
[2025-05-11 16:18:40] [32minfo[39m: 🚀 Telegram Worker ishga tushdi
[2025-05-11 16:19:54] [32minfo[39m: Preparing to queue message for 2 users
[2025-05-11 16:19:55] [32minfo[39m: Queuega malumot yuklandi: "{"type":"text","caption":"bla bla text","file_id":1,"inline_buttons":{"reply_markup":{"inline_keyboard":[[{"text":"text","url":"https://t.me/ixlom"}]]}},"chat_id":"6792954680"}" → telegram-message
[2025-05-11 16:19:55] [32minfo[39m: Queuega malumot yuklandi: "{"type":"text","caption":"bla bla text","file_id":1,"inline_buttons":{"reply_markup":{"inline_keyboard":[[{"text":"text","url":"https://t.me/ixlom"}]]}},"chat_id":"1035804860"}" → telegram-message
[2025-05-11 16:19:55] [32minfo[39m: Queued messages for 2 users
[2025-05-11 16:19:56] [31merror[39m: ❌ Xatolik: 6792954680
[2025-05-11 16:19:56] [31merror[39m: ❌ Xatolik: 1035804860
[2025-05-11 16:20:57] [32minfo[39m: 🚀 Telegram Worker ishga tushdi
[2025-05-11 16:21:07] [32minfo[39m: Preparing to queue message for 2 users
[2025-05-11 16:21:08] [32minfo[39m: Queuega malumot yuklandi: "{"type":"text","caption":"bla bla text","file_id":1,"inline_buttons":{"reply_markup":{"inline_keyboard":[[{"text":"text","url":"https://t.me/ixlom"}]]}},"chat_id":"6792954680"}" → telegram-message
[2025-05-11 16:21:08] [32minfo[39m: Queuega malumot yuklandi: "{"type":"text","caption":"bla bla text","file_id":1,"inline_buttons":{"reply_markup":{"inline_keyboard":[[{"text":"text","url":"https://t.me/ixlom"}]]}},"chat_id":"1035804860"}" → telegram-message
[2025-05-11 16:21:08] [32minfo[39m: Queued messages for 2 users
[2025-05-11 16:21:08] [32minfo[39m: [object Object]
[2025-05-11 16:21:08] [32minfo[39m: ✅ Yuborildi: 6792954680
[2025-05-11 16:21:08] [32minfo[39m: [object Object]
[2025-05-11 16:21:08] [32minfo[39m: ✅ Yuborildi: 1035804860
[2025-05-11 16:22:23] [32minfo[39m: 🚀 Telegram Worker ishga tushdi
[2025-05-11 16:22:29] [32minfo[39m: Preparing to queue message for 2 users
[2025-05-11 16:22:30] [32minfo[39m: Queuega malumot yuklandi: "{"type":"text","caption":"bla bla text","file_id":1,"inline_buttons":{"reply_markup":{"inline_keyboard":[[{"text":"text","url":"https://t.me/ixlom"}]]}},"chat_id":"6792954680"}" → telegram-message
[2025-05-11 16:22:30] [32minfo[39m: Queuega malumot yuklandi: "{"type":"text","caption":"bla bla text","file_id":1,"inline_buttons":{"reply_markup":{"inline_keyboard":[[{"text":"text","url":"https://t.me/ixlom"}]]}},"chat_id":"1035804860"}" → telegram-message
[2025-05-11 16:22:30] [32minfo[39m: Queued messages for 2 users
[2025-05-11 16:22:30] [32minfo[39m: [object Object]
[2025-05-11 16:22:30] [32minfo[39m: ✅ Yuborildi: 6792954680
[2025-05-11 16:22:30] [32minfo[39m: [object Object]
[2025-05-11 16:22:30] [32minfo[39m: ✅ Yuborildi: 1035804860
[2025-05-11 16:39:52] [32minfo[39m: Preparing to queue message for 2 users
[2025-05-11 16:39:53] [32minfo[39m: Queuega malumot yuklandi: "{"type":"photo","caption":"bla bla text","file_id":1,"inline_buttons":{"reply_markup":{"inline_keyboard":[[{"text":"text","url":"https://t.me/ixlom"}]]}},"chat_id":"6792954680"}" → telegram-message
[2025-05-11 16:39:53] [32minfo[39m: Queuega malumot yuklandi: "{"type":"photo","caption":"bla bla text","file_id":1,"inline_buttons":{"reply_markup":{"inline_keyboard":[[{"text":"text","url":"https://t.me/ixlom"}]]}},"chat_id":"1035804860"}" → telegram-message
[2025-05-11 16:39:53] [32minfo[39m: Queued messages for 2 users
[2025-05-11 16:39:54] [31merror[39m: ❌ Xatolik: 6792954680
[2025-05-11 16:39:54] [31merror[39m: ❌ Xatolik: 1035804860
[2025-05-11 16:45:37] [31merror[39m: ❌ Xatolik: 1035804860
[2025-05-11 17:05:15] [32minfo[39m: 🚀 Telegram Worker ishga tushdi
[2025-05-11 17:06:04] [32minfo[39m: 🚀 Telegram Worker ishga tushdi
[2025-05-11 17:06:34] [32minfo[39m: 🚀 Telegram Worker ishga tushdi
[2025-05-11 17:08:13] [32minfo[39m: 🚀 Telegram Worker ishga tushdi
[2025-05-11 17:08:27] [32minfo[39m: 🚀 Telegram Worker ishga tushdi
[2025-05-11 17:32:10] [32minfo[39m: 🚀 Telegram Worker ishga tushdi
[2025-05-11 17:32:58] [32minfo[39m: Preparing to queue message for 2 users
[2025-05-11 17:32:59] [32minfo[39m: Queuega malumot yuklandi: "{"type":"video","caption":"Hamma uchun test xabar","file_id":"1746966188995.m4a","chat_id":"6792954680"}" → telegram-message
[2025-05-11 17:32:59] [32minfo[39m: Queuega malumot yuklandi: "{"type":"video","caption":"Hamma uchun test xabar","file_id":"1746966188995.m4a","chat_id":"1035804860"}" → telegram-message
[2025-05-11 17:32:59] [32minfo[39m: Queued messages for 2 users
[2025-05-11 17:32:59] [31merror[39m: ❌ Queue xabarni o‘qishda xatolik Cannot read properties of undefined (reading 'reply_markup')
[2025-05-11 17:32:59] [31merror[39m: ❌ Queue xabarni o‘qishda xatolik Cannot read properties of undefined (reading 'reply_markup')
[2025-05-11 17:33:33] [32minfo[39m: 🚀 Telegram Worker ishga tushdi
[2025-05-11 17:33:34] [32minfo[39m: Preparing to queue message for 2 users
[2025-05-11 17:33:35] [32minfo[39m: Queuega malumot yuklandi: "{"type":"video","caption":"Hamma uchun test xabar","file_id":"1746966188995.m4a","chat_id":"1035804860"}" → telegram-message
[2025-05-11 17:33:35] [32minfo[39m: Queuega malumot yuklandi: "{"type":"video","caption":"Hamma uchun test xabar","file_id":"1746966188995.m4a","chat_id":"6792954680"}" → telegram-message
[2025-05-11 17:33:35] [32minfo[39m: Queued messages for 2 users
[2025-05-11 17:33:35] [31merror[39m: ❌ Queue xabarni o‘qishda xatolik Cannot read properties of undefined (reading 'reply_markup')
[2025-05-11 17:33:35] [31merror[39m: ❌ Queue xabarni o‘qishda xatolik Cannot read properties of undefined (reading 'reply_markup')
[2025-05-11 17:34:50] [32minfo[39m: 🚀 Telegram Worker ishga tushdi
[2025-05-11 17:34:52] [32minfo[39m: Preparing to queue message for 2 users
[2025-05-11 17:34:53] [32minfo[39m: Queuega malumot yuklandi: "{"type":"video","caption":"Hamma uchun test xabar","file_id":"1746966188995.m4a","chat_id":"1035804860"}" → telegram-message
[2025-05-11 17:34:53] [32minfo[39m: Queuega malumot yuklandi: "{"type":"video","caption":"Hamma uchun test xabar","file_id":"1746966188995.m4a","chat_id":"6792954680"}" → telegram-message
[2025-05-11 17:34:53] [32minfo[39m: Queued messages for 2 users
[2025-05-11 17:34:54] [32minfo[39m: [object Object]
[2025-05-11 17:34:54] [32minfo[39m: ✅ Yuborildi: 1035804860
[2025-05-11 17:34:54] [32minfo[39m: [object Object]
[2025-05-11 17:34:54] [32minfo[39m: ✅ Yuborildi: 6792954680
[2025-05-11 17:39:27] [32minfo[39m: 🚀 Telegram Worker ishga tushdi
[2025-05-11 17:40:34] [32minfo[39m: 🚀 Telegram Worker ishga tushdi
[2025-05-11 17:41:52] [32minfo[39m: 🚀 Telegram Worker ishga tushdi
[2025-05-11 17:42:38] [32minfo[39m: 🚀 Telegram Worker ishga tushdi
[2025-05-11 17:43:23] [32minfo[39m: 🚀 Telegram Worker ishga tushdi
[2025-05-11 17:44:22] [32minfo[39m: 🚀 Telegram Worker ishga tushdi
[2025-05-11 17:45:47] [32minfo[39m: 🚀 Telegram Worker ishga tushdi
[2025-05-11 17:47:19] [32minfo[39m: 🚀 Telegram Worker ishga tushdi
[2025-05-11 17:49:19] [32minfo[39m: 🚀 Telegram Worker ishga tushdi
[2025-05-11 17:49:38] [32minfo[39m: 🚀 Telegram Worker ishga tushdi
[2025-05-11 17:50:13] [32minfo[39m: 🚀 Telegram Worker ishga tushdi
[2025-05-11 17:52:45] [32minfo[39m: 🚀 Telegram Worker ishga tushdi
[2025-05-11 17:53:19] [32minfo[39m: 🚀 Telegram Worker ishga tushdi
[2025-05-11 17:53:54] [32minfo[39m: 🚀 Telegram Worker ishga tushdi
[2025-05-11 17:54:31] [32minfo[39m: 🚀 Telegram Worker ishga tushdi
[2025-05-11 17:55:08] [32minfo[39m: 🚀 Telegram Worker ishga tushdi
[2025-05-11 17:55:23] [32minfo[39m: Preparing to queue message for 2 users
[2025-05-11 17:55:26] [32minfo[39m: Queuega malumot yuklandi: "{"type":"video","caption":"Hamma uchun test xabar","file_id":"1746966188995.m4a","chat_id":"1035804860","t_message_id":1}" → telegram-message
[2025-05-11 17:55:26] [32minfo[39m: Queuega malumot yuklandi: "{"type":"video","caption":"Hamma uchun test xabar","file_id":"1746966188995.m4a","chat_id":"6792954680","t_message_id":1}" → telegram-message
[2025-05-11 17:55:26] [32minfo[39m: Queued messages for 2 users
[2025-05-11 17:55:26] [32minfo[39m: ✅ Yuborildi: 1035804860
[2025-05-11 17:55:27] [32minfo[39m: ✅ Yuborildi: 6792954680
[2025-05-11 17:57:44] [32minfo[39m: 🚀 Telegram Worker ishga tushdi
[2025-05-11 17:58:58] [32minfo[39m: 🚀 Telegram Worker ishga tushdi
[2025-05-11 17:59:01] [32minfo[39m: Preparing to queue message for 2 users
[2025-05-11 17:59:03] [32minfo[39m: Queuega malumot yuklandi: "{"type":"video","caption":"Hamma uchun test xabar","file_id":"1746966188995.m4a","chat_id":"1035804860","t_message_id":2}" → telegram-message
[2025-05-11 17:59:03] [32minfo[39m: Queuega malumot yuklandi: "{"type":"video","caption":"Hamma uchun test xabar","file_id":"1746966188995.m4a","chat_id":"6792954680","t_message_id":2}" → telegram-message
[2025-05-11 17:59:03] [32minfo[39m: Queued messages for 2 users
[2025-05-11 17:59:03] [32minfo[39m: ✅ Yuborildi: 1035804860
[2025-05-11 17:59:03] [32minfo[39m: ✅ Yuborildi: 6792954680
[2025-05-11 18:07:17] [32minfo[39m: Preparing to queue message for 2 users
[2025-05-11 18:07:18] [32minfo[39m: Queuega malumot yuklandi: "{"type":"video","caption":"Hamma uchun test xabar","file_id":"1746966188995.m4a","chat_id":"6792954680","t_message_id":3}" → telegram-message
[2025-05-11 18:07:18] [32minfo[39m: Queuega malumot yuklandi: "{"type":"video","caption":"Hamma uchun test xabar","file_id":"1746966188995.m4a","chat_id":"1035804860","t_message_id":3}" → telegram-message
[2025-05-11 18:07:18] [32minfo[39m: Queued messages for 2 users
[2025-05-11 18:07:19] [31merror[39m: ❌ Xatolik [403] chat_id: 6792954680
[2025-05-11 18:07:41] [32minfo[39m: Preparing to queue message for 2 users
[2025-05-11 18:07:42] [32minfo[39m: Queuega malumot yuklandi: "{"type":"video","caption":"Hamma uchun test xabar","file_id":"1746966188995.m4a","chat_id":"1035804860","t_message_id":4}" → telegram-message
[2025-05-11 18:07:42] [32minfo[39m: Queuega malumot yuklandi: "{"type":"video","caption":"Hamma uchun test xabar","file_id":"1746966188995.m4a","chat_id":"6792954680","t_message_id":4}" → telegram-message
[2025-05-11 18:07:42] [32minfo[39m: Queued messages for 2 users
[2025-05-11 18:10:34] [32minfo[39m: Preparing to queue message for 2 users
[2025-05-11 18:10:35] [32minfo[39m: Queuega malumot yuklandi: "{"type":"video","caption":"Hamma uchun test xabar","file_id":"1746966188995.m4a","chat_id":"6792954680","t_message_id":5}" → telegram-message
[2025-05-11 18:10:35] [32minfo[39m: Queuega malumot yuklandi: "{"type":"video","caption":"Hamma uchun test xabar","file_id":"1746966188995.m4a","chat_id":"1035804860","t_message_id":5}" → telegram-message
[2025-05-11 18:10:35] [32minfo[39m: Queued messages for 2 users
[2025-05-11 18:19:56] [32minfo[39m: Fetched 2 users (page 1/1)
[2025-05-12 00:08:06] [32minfo[39m: Fetched 2 users (page 1/1)
[2025-05-12 21:26:27] [32minfo[39m: Fetched 2 users (page 1/1)
[2025-05-12 21:29:05] [32minfo[39m: Fetched 2 users (page 1/1)
[2025-05-15 14:37:46] [32minfo[39m: {"Summa":5000,"OperationId":4931550159,"Success":true}
[2025-05-15 14:37:47] [32minfo[39m: 1 Foydalanuvchi BetWinner - ilhom Zubaydullo o’g’li m. O'yinchi hisobini 5000 ga to'ldirdi
[2025-05-30 13:40:43] [32minfo[39m: {"Success":false,"MessageId":100329,"Message":"На данной кассе нельзя осуществить пополнение счета!"}
[2025-05-30 13:40:43] [31merror[39m: CashDesk depozitdan xato bo'ldi yoki userni saqlashda
[2025-06-07 11:10:00] [32minfo[39m: Fetched 4 users (page 1/1)
[2025-06-07 11:10:10] [32minfo[39m: Fetched 6 users (page 1/1)
[2025-06-07 11:10:21] [32minfo[39m: Fetched 4 users (page 1/1)
[2025-06-07 23:31:10] [32minfo[39m: 6 - foydalanuvchi 10000 miqdorida depozit qilmoqda
[2025-06-07 23:31:11] [32minfo[39m: 10000 miqdori uchun karta mavjud emas
[2025-06-07 23:34:29] [32minfo[39m: 📊 Oldingi balans: 32600
[2025-06-07 23:34:29] [32minfo[39m: 💰 Hozirgi balans: 40600
[2025-06-07 23:34:29] [32minfo[39m: 💸 Tranzaksiya miqdori: 10000
[2025-06-07 23:34:29] [32minfo[39m: ➕ Real tushgan pul: 8000
[2025-06-07 23:34:30] [32minfo[39m: 07f20160-4eac-46f0-a47d-2c56221fa9af - Tranzaksiya bo'yicha 1 - Foydalanuvchisiga, 8000 so'm Depozit o'tkazildi, 10000 So'm, Belgilanganan summadan tashqari miqdor
[2025-06-07 23:34:30] [32minfo[39m: ⚠️ Pul qisman tushdi.
[2025-06-07 23:42:32] [32minfo[39m: 📊 Oldingi balans: 40600
[2025-06-07 23:42:32] [32minfo[39m: 💰 Hozirgi balans: 40600
[2025-06-07 23:42:32] [32minfo[39m: 💸 Tranzaksiya miqdori: 10000
[2025-06-07 23:42:32] [32minfo[39m: ➕ Real tushgan pul: 0
[2025-06-07 23:42:32] [32minfo[39m: ❌ Pul tushmagan.
[2025-06-07 23:44:25] [32minfo[39m: 📊 Oldingi balans: 40600
[2025-06-07 23:44:25] [32minfo[39m: 💰 Hozirgi balans: 42600
[2025-06-07 23:44:25] [32minfo[39m: 💸 Tranzaksiya miqdori: 1000
[2025-06-07 23:44:25] [32minfo[39m: ➕ Real tushgan pul: 2000
[2025-06-07 23:44:25] [32minfo[39m: 73cb9221-00db-426c-8700-3315ec0ee2a9 - Tranzaksiya bo'yicha 1 - Foydalanuvchisiga, 2000 so'm Depozit o'tkazildi, 1000 So'm, Belgilanganan summadan tashqari miqdor
[2025-06-07 23:44:25] [32minfo[39m: ⚠️ Pul qisman tushdi.
